[INFO] Scanning for projects...
[INFO] 
[INFO] ---------< com.louis.bigdata:Spark-Streaming-Data-Processing >----------
[INFO] Building Spark-Streaming-Data-Processing 1.0-SNAPSHOT
[INFO] --------------------------------[ jar ]---------------------------------
[WARNING] The POM for org.glassfish:javax.el:jar:3.0.1-b06-SNAPSHOT is missing, no dependency information available
[WARNING] The POM for org.glassfish:javax.el:jar:3.0.1-b07-SNAPSHOT is missing, no dependency information available
[WARNING] The POM for org.glassfish:javax.el:jar:3.0.1-b08-SNAPSHOT is missing, no dependency information available
[WARNING] The POM for org.glassfish:javax.el:jar:3.0.1-b11-SNAPSHOT is missing, no dependency information available
[INFO] 
[INFO] --- maven-dependency-plugin:2.8:tree (default-cli) @ Spark-Streaming-Data-Processing ---
[INFO] com.louis.bigdata:Spark-Streaming-Data-Processing:jar:1.0-SNAPSHOT
[INFO] +- org.scala-lang:scala-library:jar:2.11.12:compile
[INFO] +- org.glassfish:javax.el:jar:3.0.1-b06:compile
[INFO] +- org.apache.hbase:hbase-client:jar:2.2.4:compile
[INFO] |  +- org.apache.hbase.thirdparty:hbase-shaded-protobuf:jar:2.2.1:compile
[INFO] |  +- org.apache.hbase:hbase-common:jar:2.2.4:compile
[INFO] |  |  +- (org.apache.hbase.thirdparty:hbase-shaded-miscellaneous:jar:2.2.1:compile - omitted for duplicate)
[INFO] |  |  +- (org.slf4j:slf4j-api:jar:1.7.25:compile - omitted for duplicate)
[INFO] |  |  +- (commons-codec:commons-codec:jar:1.10:compile - omitted for duplicate)
[INFO] |  |  +- (org.apache.commons:commons-lang3:jar:3.6:compile - omitted for duplicate)
[INFO] |  |  +- (commons-io:commons-io:jar:2.5:compile - omitted for duplicate)
[INFO] |  |  +- (com.google.protobuf:protobuf-java:jar:2.5.0:compile - omitted for duplicate)
[INFO] |  |  +- (org.apache.htrace:htrace-core4:jar:4.2.0-incubating:compile - omitted for duplicate)
[INFO] |  |  +- (org.apache.commons:commons-crypto:jar:1.0.0:compile - omitted for duplicate)
[INFO] |  |  +- com.github.stephenc.findbugs:findbugs-annotations:jar:1.3.9-1:compile
[INFO] |  |  +- (log4j:log4j:jar:1.2.17:compile - omitted for duplicate)
[INFO] |  |  +- (org.apache.hadoop:hadoop-common:jar:2.8.5:compile - omitted for duplicate)
[INFO] |  |  \- (org.apache.yetus:audience-annotations:jar:0.5.0:compile - omitted for duplicate)
[INFO] |  +- org.apache.hbase:hbase-hadoop-compat:jar:2.2.4:compile
[INFO] |  |  +- (org.apache.hbase.thirdparty:hbase-shaded-miscellaneous:jar:2.2.1:compile - omitted for duplicate)
[INFO] |  |  +- (org.slf4j:slf4j-api:jar:1.7.25:compile - omitted for duplicate)
[INFO] |  |  +- (org.apache.hbase:hbase-metrics-api:jar:2.2.4:compile - omitted for duplicate)
[INFO] |  |  \- (org.apache.yetus:audience-annotations:jar:0.5.0:compile - omitted for duplicate)
[INFO] |  +- org.apache.hbase:hbase-hadoop2-compat:jar:2.2.4:compile
[INFO] |  |  +- (org.apache.hbase:hbase-hadoop-compat:jar:2.2.4:compile - omitted for duplicate)
[INFO] |  |  +- (org.apache.hbase:hbase-common:jar:2.2.4:compile - omitted for duplicate)
[INFO] |  |  +- (org.apache.hbase:hbase-metrics:jar:2.2.4:compile - omitted for duplicate)
[INFO] |  |  +- (org.apache.hbase:hbase-metrics-api:jar:2.2.4:compile - omitted for duplicate)
[INFO] |  |  +- (org.apache.hadoop:hadoop-common:jar:2.8.5:compile - omitted for duplicate)
[INFO] |  |  +- (org.apache.commons:commons-lang3:jar:3.6:compile - omitted for duplicate)
[INFO] |  |  +- (org.slf4j:slf4j-api:jar:1.7.25:compile - omitted for duplicate)
[INFO] |  |  +- (org.apache.hbase.thirdparty:hbase-shaded-miscellaneous:jar:2.2.1:compile - omitted for duplicate)
[INFO] |  |  \- (org.apache.yetus:audience-annotations:jar:0.5.0:compile - omitted for duplicate)
[INFO] |  +- org.apache.hbase:hbase-protocol-shaded:jar:2.2.4:compile
[INFO] |  |  +- (org.apache.hbase.thirdparty:hbase-shaded-protobuf:jar:2.2.1:compile - omitted for duplicate)
[INFO] |  |  \- (org.apache.yetus:audience-annotations:jar:0.5.0:compile - omitted for duplicate)
[INFO] |  +- org.apache.hbase:hbase-protocol:jar:2.2.4:compile
[INFO] |  |  +- (com.google.protobuf:protobuf-java:jar:2.5.0:compile - omitted for duplicate)
[INFO] |  |  +- (org.slf4j:slf4j-api:jar:1.7.25:compile - omitted for duplicate)
[INFO] |  |  \- (org.apache.yetus:audience-annotations:jar:0.5.0:compile - omitted for duplicate)
[INFO] |  +- commons-codec:commons-codec:jar:1.10:compile
[INFO] |  +- commons-io:commons-io:jar:2.5:compile
[INFO] |  +- (org.apache.commons:commons-lang3:jar:3.6:compile - omitted for conflict with 3.5)
[INFO] |  +- org.slf4j:slf4j-api:jar:1.7.25:compile
[INFO] |  +- org.apache.hbase.thirdparty:hbase-shaded-miscellaneous:jar:2.2.1:compile
[INFO] |  |  \- com.google.errorprone:error_prone_annotations:jar:2.3.3:compile
[INFO] |  +- com.google.protobuf:protobuf-java:jar:2.5.0:compile
[INFO] |  +- org.apache.hbase.thirdparty:hbase-shaded-netty:jar:2.2.1:compile
[INFO] |  +- org.apache.zookeeper:zookeeper:jar:3.4.10:compile
[INFO] |  |  +- (org.slf4j:slf4j-api:jar:1.6.1:compile - omitted for conflict with 1.7.25)
[INFO] |  |  +- (org.slf4j:slf4j-log4j12:jar:1.6.1:compile - omitted for conflict with 1.7.25)
[INFO] |  |  \- (log4j:log4j:jar:1.2.16:compile - omitted for conflict with 1.2.17)
[INFO] |  +- org.apache.htrace:htrace-core4:jar:4.2.0-incubating:compile
[INFO] |  +- org.jruby.jcodings:jcodings:jar:1.0.18:compile
[INFO] |  +- org.jruby.joni:joni:jar:2.1.11:compile
[INFO] |  |  \- (org.jruby.jcodings:jcodings:jar:1.0.13:compile - omitted for conflict with 1.0.18)
[INFO] |  +- io.dropwizard.metrics:metrics-core:jar:3.2.6:compile
[INFO] |  |  \- (org.slf4j:slf4j-api:jar:1.7.22:compile - omitted for conflict with 1.7.25)
[INFO] |  +- org.apache.commons:commons-crypto:jar:1.0.0:compile
[INFO] |  +- org.apache.hadoop:hadoop-auth:jar:2.8.5:compile
[INFO] |  |  +- (org.slf4j:slf4j-api:jar:1.7.10:compile - omitted for conflict with 1.7.25)
[INFO] |  |  +- (commons-codec:commons-codec:jar:1.4:compile - omitted for conflict with 1.10)
[INFO] |  |  +- (log4j:log4j:jar:1.2.17:runtime - omitted for duplicate)
[INFO] |  |  +- (org.slf4j:slf4j-log4j12:jar:1.7.10:runtime - omitted for conflict with 1.6.1)
[INFO] |  |  +- org.apache.httpcomponents:httpclient:jar:4.5.2:compile
[INFO] |  |  |  +- org.apache.httpcomponents:httpcore:jar:4.4.4:compile
[INFO] |  |  |  +- (commons-logging:commons-logging:jar:1.2:compile - omitted for conflict with 1.1.3)
[INFO] |  |  |  \- (commons-codec:commons-codec:jar:1.9:compile - omitted for conflict with 1.10)
[INFO] |  |  +- com.nimbusds:nimbus-jose-jwt:jar:4.41.1:compile
[INFO] |  |  |  \- com.github.stephenc.jcip:jcip-annotations:jar:1.0-1:compile
[INFO] |  |  +- org.apache.directory.server:apacheds-kerberos-codec:jar:2.0.0-M15:compile
[INFO] |  |  |  +- org.apache.directory.server:apacheds-i18n:jar:2.0.0-M15:compile
[INFO] |  |  |  |  \- (org.slf4j:slf4j-api:jar:1.7.5:compile - omitted for conflict with 1.7.25)
[INFO] |  |  |  +- org.apache.directory.api:api-asn1-api:jar:1.0.0-M20:compile
[INFO] |  |  |  |  \- (org.slf4j:slf4j-api:jar:1.7.5:compile - omitted for conflict with 1.7.25)
[INFO] |  |  |  +- org.apache.directory.api:api-util:jar:1.0.0-M20:compile
[INFO] |  |  |  |  \- (org.slf4j:slf4j-api:jar:1.7.5:compile - omitted for conflict with 1.7.25)
[INFO] |  |  |  \- (org.slf4j:slf4j-api:jar:1.7.5:compile - omitted for conflict with 1.7.25)
[INFO] |  |  +- (org.apache.zookeeper:zookeeper:jar:3.4.6:compile - omitted for conflict with 3.4.10)
[INFO] |  |  \- org.apache.curator:curator-framework:jar:2.7.1:compile
[INFO] |  |     +- (org.apache.curator:curator-client:jar:2.7.1:compile - omitted for duplicate)
[INFO] |  |     \- (org.apache.zookeeper:zookeeper:jar:3.4.6:compile - omitted for conflict with 3.4.10)
[INFO] |  +- org.apache.hadoop:hadoop-common:jar:2.8.5:compile
[INFO] |  |  +- (org.apache.hadoop:hadoop-annotations:jar:2.8.5:compile - omitted for duplicate)
[INFO] |  |  +- com.google.guava:guava:jar:11.0.2:compile
[INFO] |  |  |  \- (com.google.code.findbugs:jsr305:jar:1.3.9:compile - omitted for conflict with 3.0.0)
[INFO] |  |  +- commons-cli:commons-cli:jar:1.2:compile
[INFO] |  |  +- (org.apache.commons:commons-math3:jar:3.1.1:compile - omitted for conflict with 3.6.1)
[INFO] |  |  +- xmlenc:xmlenc:jar:0.52:compile
[INFO] |  |  +- (org.apache.httpcomponents:httpclient:jar:4.5.2:compile - omitted for duplicate)
[INFO] |  |  +- (commons-codec:commons-codec:jar:1.4:compile - omitted for conflict with 1.10)
[INFO] |  |  +- (commons-io:commons-io:jar:2.4:compile - omitted for conflict with 2.5)
[INFO] |  |  +- commons-net:commons-net:jar:3.1:compile
[INFO] |  |  +- commons-collections:commons-collections:jar:3.2.2:compile
[INFO] |  |  +- org.mortbay.jetty:jetty-sslengine:jar:6.1.26:compile
[INFO] |  |  +- (commons-logging:commons-logging:jar:1.1.3:compile - omitted for conflict with 1.2)
[INFO] |  |  +- (log4j:log4j:jar:1.2.17:compile - omitted for duplicate)
[INFO] |  |  +- commons-lang:commons-lang:jar:2.6:compile
[INFO] |  |  +- commons-configuration:commons-configuration:jar:1.6:compile
[INFO] |  |  |  +- (commons-collections:commons-collections:jar:3.2.1:compile - omitted for conflict with 3.2.2)
[INFO] |  |  |  +- (commons-lang:commons-lang:jar:2.4:compile - omitted for conflict with 2.6)
[INFO] |  |  |  +- (commons-logging:commons-logging:jar:1.1.1:compile - omitted for conflict with 1.1.3)
[INFO] |  |  |  +- commons-digester:commons-digester:jar:1.8:compile
[INFO] |  |  |  |  +- commons-beanutils:commons-beanutils:jar:1.7.0:compile
[INFO] |  |  |  |  |  \- (commons-logging:commons-logging:jar:1.0.3:compile - omitted for conflict with 1.1.3)
[INFO] |  |  |  |  \- (commons-logging:commons-logging:jar:1.1:compile - omitted for conflict with 1.1.3)
[INFO] |  |  |  \- commons-beanutils:commons-beanutils-core:jar:1.8.0:compile
[INFO] |  |  |     \- (commons-logging:commons-logging:jar:1.1.1:compile - omitted for conflict with 1.1.3)
[INFO] |  |  +- (org.slf4j:slf4j-api:jar:1.7.10:compile - omitted for conflict with 1.7.25)
[INFO] |  |  +- (org.slf4j:slf4j-log4j12:jar:1.7.10:runtime - omitted for conflict with 1.6.1)
[INFO] |  |  +- (org.codehaus.jackson:jackson-core-asl:jar:1.9.13:compile - omitted for duplicate)
[INFO] |  |  +- (org.codehaus.jackson:jackson-mapper-asl:jar:1.9.13:compile - omitted for duplicate)
[INFO] |  |  +- (org.apache.avro:avro:jar:1.7.4:compile - omitted for conflict with 1.8.2)
[INFO] |  |  +- (com.google.protobuf:protobuf-java:jar:2.5.0:compile - omitted for duplicate)
[INFO] |  |  +- com.google.code.gson:gson:jar:2.2.4:compile
[INFO] |  |  +- (org.apache.hadoop:hadoop-auth:jar:2.8.5:compile - omitted for duplicate)
[INFO] |  |  +- com.jcraft:jsch:jar:0.1.54:compile
[INFO] |  |  +- org.apache.curator:curator-client:jar:2.7.1:compile
[INFO] |  |  |  +- (org.slf4j:slf4j-api:jar:1.7.6:compile - omitted for conflict with 1.7.25)
[INFO] |  |  |  +- (org.apache.zookeeper:zookeeper:jar:3.4.6:compile - omitted for conflict with 3.4.10)
[INFO] |  |  |  \- (com.google.guava:guava:jar:16.0.1:compile - omitted for conflict with 11.0.2)
[INFO] |  |  +- org.apache.curator:curator-recipes:jar:2.7.1:compile
[INFO] |  |  |  +- (org.apache.curator:curator-framework:jar:2.7.1:compile - omitted for duplicate)
[INFO] |  |  |  +- (org.apache.zookeeper:zookeeper:jar:3.4.6:compile - omitted for conflict with 3.4.10)
[INFO] |  |  |  \- (com.google.guava:guava:jar:16.0.1:compile - omitted for conflict with 11.0.2)
[INFO] |  |  +- com.google.code.findbugs:jsr305:jar:3.0.0:compile
[INFO] |  |  +- (org.apache.htrace:htrace-core4:jar:4.0.1-incubating:compile - omitted for conflict with 4.2.0-incubating)
[INFO] |  |  +- (org.apache.zookeeper:zookeeper:jar:3.4.6:compile - omitted for conflict with 3.4.10)
[INFO] |  |  \- (org.apache.commons:commons-compress:jar:1.4.1:compile - omitted for conflict with 1.8.1)
[INFO] |  \- org.apache.yetus:audience-annotations:jar:0.5.0:compile
[INFO] +- org.apache.hbase:hbase-server:jar:2.2.4:compile
[INFO] |  +- (org.apache.hbase.thirdparty:hbase-shaded-protobuf:jar:2.2.1:compile - omitted for duplicate)
[INFO] |  +- (org.apache.hbase.thirdparty:hbase-shaded-netty:jar:2.2.1:compile - omitted for duplicate)
[INFO] |  +- (org.apache.hbase.thirdparty:hbase-shaded-miscellaneous:jar:2.2.1:compile - omitted for duplicate)
[INFO] |  +- (org.apache.hbase:hbase-common:jar:2.2.4:compile - omitted for duplicate)
[INFO] |  +- org.apache.hbase:hbase-http:jar:2.2.4:compile
[INFO] |  |  +- (org.apache.hbase.thirdparty:hbase-shaded-miscellaneous:jar:2.2.1:compile - omitted for duplicate)
[INFO] |  |  +- (org.apache.hbase:hbase-common:jar:2.2.4:compile - omitted for duplicate)
[INFO] |  |  +- (org.eclipse.jetty:jetty-server:jar:9.3.27.v20190418:compile - omitted for duplicate)
[INFO] |  |  +- (org.eclipse.jetty:jetty-servlet:jar:9.3.27.v20190418:compile - omitted for duplicate)
[INFO] |  |  +- org.eclipse.jetty:jetty-util:jar:9.3.27.v20190418:compile
[INFO] |  |  +- org.eclipse.jetty:jetty-util-ajax:jar:9.3.27.v20190418:compile
[INFO] |  |  |  \- (org.eclipse.jetty:jetty-util:jar:9.3.27.v20190418:compile - omitted for duplicate)
[INFO] |  |  +- (org.eclipse.jetty:jetty-webapp:jar:9.3.27.v20190418:compile - omitted for duplicate)
[INFO] |  |  +- org.eclipse.jetty:jetty-http:jar:9.3.27.v20190418:compile
[INFO] |  |  |  \- (org.eclipse.jetty:jetty-util:jar:9.3.27.v20190418:compile - omitted for duplicate)
[INFO] |  |  +- org.eclipse.jetty:jetty-security:jar:9.3.27.v20190418:compile
[INFO] |  |  |  \- (org.eclipse.jetty:jetty-server:jar:9.3.27.v20190418:compile - omitted for duplicate)
[INFO] |  |  +- org.glassfish.jersey.core:jersey-server:jar:2.25.1:compile
[INFO] |  |  |  +- (org.glassfish.jersey.core:jersey-common:jar:2.25.1:compile - omitted for conflict with 2.22.2)
[INFO] |  |  |  +- (org.glassfish.jersey.core:jersey-client:jar:2.25.1:compile - omitted for conflict with 2.22.2)
[INFO] |  |  |  +- (javax.ws.rs:javax.ws.rs-api:jar:2.0.1:compile - omitted for duplicate)
[INFO] |  |  |  +- org.glassfish.jersey.media:jersey-media-jaxb:jar:2.25.1:compile
[INFO] |  |  |  |  +- (org.glassfish.jersey.core:jersey-common:jar:2.25.1:compile - omitted for duplicate)
[INFO] |  |  |  |  +- (org.glassfish.hk2:hk2-api:jar:2.5.0-b32:compile - omitted for duplicate)
[INFO] |  |  |  |  +- (org.glassfish.hk2.external:javax.inject:jar:2.5.0-b32:compile - omitted for duplicate)
[INFO] |  |  |  |  +- (org.glassfish.hk2:hk2-locator:jar:2.5.0-b32:compile - omitted for duplicate)
[INFO] |  |  |  |  \- (org.glassfish.hk2:osgi-resource-locator:jar:1.0.1:compile - omitted for duplicate)
[INFO] |  |  |  +- javax.annotation:javax.annotation-api:jar:1.2:compile
[INFO] |  |  |  +- org.glassfish.hk2:hk2-api:jar:2.5.0-b32:compile
[INFO] |  |  |  |  +- org.glassfish.hk2:hk2-utils:jar:2.5.0-b32:compile
[INFO] |  |  |  |  \- org.glassfish.hk2.external:aopalliance-repackaged:jar:2.5.0-b32:compile
[INFO] |  |  |  +- org.glassfish.hk2.external:javax.inject:jar:2.5.0-b32:compile
[INFO] |  |  |  +- org.glassfish.hk2:hk2-locator:jar:2.5.0-b32:compile
[INFO] |  |  |  |  +- (org.glassfish.hk2.external:javax.inject:jar:2.5.0-b32:compile - omitted for duplicate)
[INFO] |  |  |  |  +- (org.glassfish.hk2.external:aopalliance-repackaged:jar:2.5.0-b32:compile - omitted for duplicate)
[INFO] |  |  |  |  +- (org.glassfish.hk2:hk2-api:jar:2.5.0-b32:compile - omitted for duplicate)
[INFO] |  |  |  |  +- (org.glassfish.hk2:hk2-utils:jar:2.5.0-b32:compile - omitted for duplicate)
[INFO] |  |  |  |  \- org.javassist:javassist:jar:3.20.0-GA:compile
[INFO] |  |  |  \- javax.validation:validation-api:jar:1.1.0.Final:compile
[INFO] |  |  +- org.glassfish.jersey.containers:jersey-container-servlet-core:jar:2.25.1:compile
[INFO] |  |  |  +- (org.glassfish.hk2.external:javax.inject:jar:2.5.0-b32:compile - omitted for duplicate)
[INFO] |  |  |  +- (org.glassfish.jersey.core:jersey-common:jar:2.25.1:compile - omitted for duplicate)
[INFO] |  |  |  +- (org.glassfish.jersey.core:jersey-server:jar:2.25.1:compile - omitted for duplicate)
[INFO] |  |  |  \- (javax.ws.rs:javax.ws.rs-api:jar:2.0.1:compile - omitted for duplicate)
[INFO] |  |  +- (org.slf4j:slf4j-api:jar:1.7.25:compile - omitted for duplicate)
[INFO] |  |  +- (log4j:log4j:jar:1.2.17:compile - omitted for duplicate)
[INFO] |  |  +- (javax.servlet:javax.servlet-api:jar:3.1.0:compile - omitted for duplicate)
[INFO] |  |  +- javax.ws.rs:javax.ws.rs-api:jar:2.0.1:compile
[INFO] |  |  +- (org.apache.hadoop:hadoop-common:jar:2.8.5:compile - omitted for duplicate)
[INFO] |  |  +- (org.apache.hadoop:hadoop-auth:jar:2.8.5:compile - omitted for duplicate)
[INFO] |  |  \- (org.apache.yetus:audience-annotations:jar:0.5.0:compile - omitted for duplicate)
[INFO] |  +- (org.apache.hbase:hbase-protocol:jar:2.2.4:compile - omitted for duplicate)
[INFO] |  +- (org.apache.hbase:hbase-protocol-shaded:jar:2.2.4:compile - omitted for duplicate)
[INFO] |  +- org.apache.hbase:hbase-procedure:jar:2.2.4:compile
[INFO] |  |  +- (org.apache.hbase.thirdparty:hbase-shaded-protobuf:jar:2.2.1:compile - omitted for duplicate)
[INFO] |  |  +- (org.apache.hbase:hbase-protocol-shaded:jar:2.2.4:compile - omitted for duplicate)
[INFO] |  |  +- (org.apache.hbase:hbase-common:jar:2.2.4:compile - omitted for duplicate)
[INFO] |  |  +- (org.apache.hbase.thirdparty:hbase-shaded-miscellaneous:jar:2.2.1:compile - omitted for duplicate)
[INFO] |  |  +- (org.slf4j:slf4j-api:jar:1.7.25:compile - omitted for duplicate)
[INFO] |  |  +- (com.github.stephenc.findbugs:findbugs-annotations:jar:1.3.9-1:compile - omitted for duplicate)
[INFO] |  |  +- (org.apache.hbase:hbase-metrics-api:jar:2.2.4:compile - omitted for duplicate)
[INFO] |  |  +- (org.apache.hadoop:hadoop-common:jar:2.8.5:compile - omitted for duplicate)
[INFO] |  |  \- (org.apache.yetus:audience-annotations:jar:0.5.0:compile - omitted for duplicate)
[INFO] |  +- (org.apache.hbase:hbase-client:jar:2.2.4:compile - omitted for duplicate)
[INFO] |  +- org.apache.hbase:hbase-zookeeper:jar:2.2.4:compile
[INFO] |  |  +- (org.apache.hbase.thirdparty:hbase-shaded-protobuf:jar:2.2.1:compile - omitted for duplicate)
[INFO] |  |  +- (org.apache.hbase.thirdparty:hbase-shaded-miscellaneous:jar:2.2.1:compile - omitted for duplicate)
[INFO] |  |  +- (org.apache.hbase:hbase-common:jar:2.2.4:compile - omitted for duplicate)
[INFO] |  |  +- (org.apache.hbase:hbase-client:jar:2.2.4:compile - omitted for duplicate)
[INFO] |  |  +- (org.apache.hbase:hbase-protocol-shaded:jar:2.2.4:compile - omitted for duplicate)
[INFO] |  |  +- (org.apache.hbase:hbase-hadoop-compat:jar:2.2.4:compile - omitted for duplicate)
[INFO] |  |  +- (org.apache.hbase:hbase-hadoop2-compat:jar:2.2.4:compile - omitted for duplicate)
[INFO] |  |  +- (org.apache.commons:commons-lang3:jar:3.6:compile - omitted for duplicate)
[INFO] |  |  +- (org.slf4j:slf4j-api:jar:1.7.25:compile - omitted for duplicate)
[INFO] |  |  +- (log4j:log4j:jar:1.2.17:compile - omitted for duplicate)
[INFO] |  |  +- (org.apache.zookeeper:zookeeper:jar:3.4.10:compile - omitted for duplicate)
[INFO] |  |  +- (org.apache.hadoop:hadoop-common:jar:2.8.5:compile - omitted for duplicate)
[INFO] |  |  +- (org.apache.hadoop:hadoop-auth:jar:2.8.5:compile - omitted for duplicate)
[INFO] |  |  \- (org.apache.yetus:audience-annotations:jar:0.5.0:compile - omitted for duplicate)
[INFO] |  +- org.apache.hbase:hbase-replication:jar:2.2.4:compile
[INFO] |  |  +- (org.apache.hbase.thirdparty:hbase-shaded-miscellaneous:jar:2.2.1:compile - omitted for duplicate)
[INFO] |  |  +- (org.apache.hbase.thirdparty:hbase-shaded-protobuf:jar:2.2.1:compile - omitted for duplicate)
[INFO] |  |  +- (org.apache.hbase:hbase-protocol-shaded:jar:2.2.4:compile - omitted for duplicate)
[INFO] |  |  +- (org.apache.hbase:hbase-common:jar:2.2.4:compile - omitted for duplicate)
[INFO] |  |  +- (org.apache.hbase:hbase-client:jar:2.2.4:compile - omitted for duplicate)
[INFO] |  |  +- (org.apache.hbase:hbase-zookeeper:jar:2.2.4:compile - omitted for duplicate)
[INFO] |  |  +- (org.apache.commons:commons-lang3:jar:3.6:compile - omitted for duplicate)
[INFO] |  |  +- (org.slf4j:slf4j-api:jar:1.7.25:compile - omitted for duplicate)
[INFO] |  |  +- (org.apache.zookeeper:zookeeper:jar:3.4.10:compile - omitted for duplicate)
[INFO] |  |  +- (org.apache.hadoop:hadoop-common:jar:2.8.5:compile - omitted for duplicate)
[INFO] |  |  \- (org.apache.yetus:audience-annotations:jar:0.5.0:compile - omitted for duplicate)
[INFO] |  +- org.apache.hbase:hbase-metrics-api:jar:2.2.4:compile
[INFO] |  |  +- (org.apache.hbase:hbase-common:jar:2.2.4:compile - omitted for duplicate)
[INFO] |  |  +- (org.slf4j:slf4j-api:jar:1.7.25:compile - omitted for duplicate)
[INFO] |  |  +- (org.apache.commons:commons-lang3:jar:3.6:compile - omitted for duplicate)
[INFO] |  |  +- (org.apache.hbase.thirdparty:hbase-shaded-miscellaneous:jar:2.2.1:compile - omitted for duplicate)
[INFO] |  |  \- (org.apache.yetus:audience-annotations:jar:0.5.0:compile - omitted for duplicate)
[INFO] |  +- org.apache.hbase:hbase-metrics:jar:2.2.4:compile
[INFO] |  |  +- (org.apache.hbase.thirdparty:hbase-shaded-miscellaneous:jar:2.2.1:compile - omitted for duplicate)
[INFO] |  |  +- (org.apache.hbase:hbase-common:jar:2.2.4:compile - omitted for duplicate)
[INFO] |  |  +- (org.apache.hbase:hbase-metrics-api:jar:2.2.4:compile - omitted for duplicate)
[INFO] |  |  +- (io.dropwizard.metrics:metrics-core:jar:3.2.6:compile - omitted for duplicate)
[INFO] |  |  \- (org.apache.yetus:audience-annotations:jar:0.5.0:compile - omitted for duplicate)
[INFO] |  +- (commons-codec:commons-codec:jar:1.10:compile - omitted for duplicate)
[INFO] |  +- (org.apache.hbase:hbase-hadoop-compat:jar:2.2.4:compile - omitted for duplicate)
[INFO] |  +- (org.apache.hbase:hbase-hadoop2-compat:jar:2.2.4:compile - omitted for duplicate)
[INFO] |  +- org.eclipse.jetty:jetty-server:jar:9.3.27.v20190418:compile
[INFO] |  |  +- (javax.servlet:javax.servlet-api:jar:3.1.0:compile - omitted for duplicate)
[INFO] |  |  +- (org.eclipse.jetty:jetty-http:jar:9.3.27.v20190418:compile - omitted for duplicate)
[INFO] |  |  \- org.eclipse.jetty:jetty-io:jar:9.3.27.v20190418:compile
[INFO] |  |     \- (org.eclipse.jetty:jetty-util:jar:9.3.27.v20190418:compile - omitted for duplicate)
[INFO] |  +- org.eclipse.jetty:jetty-servlet:jar:9.3.27.v20190418:compile
[INFO] |  |  \- (org.eclipse.jetty:jetty-security:jar:9.3.27.v20190418:compile - omitted for duplicate)
[INFO] |  +- org.eclipse.jetty:jetty-webapp:jar:9.3.27.v20190418:compile
[INFO] |  |  +- org.eclipse.jetty:jetty-xml:jar:9.3.27.v20190418:compile
[INFO] |  |  |  \- (org.eclipse.jetty:jetty-util:jar:9.3.27.v20190418:compile - omitted for duplicate)
[INFO] |  |  \- (org.eclipse.jetty:jetty-servlet:jar:9.3.27.v20190418:compile - omitted for duplicate)
[INFO] |  +- org.glassfish.web:javax.servlet.jsp:jar:2.3.2:compile
[INFO] |  |  +- (org.glassfish:javax.el:jar:3.0.1-b06:compile - omitted for duplicate)
[INFO] |  |  \- (javax.servlet.jsp:javax.servlet.jsp-api:jar:2.3.1:compile - omitted for duplicate)
[INFO] |  +- javax.servlet.jsp:javax.servlet.jsp-api:jar:2.3.1:compile
[INFO] |  +- (io.dropwizard.metrics:metrics-core:jar:3.2.6:compile - omitted for duplicate)
[INFO] |  +- (com.google.protobuf:protobuf-java:jar:2.5.0:compile - omitted for duplicate)
[INFO] |  +- (commons-io:commons-io:jar:2.5:compile - omitted for duplicate)
[INFO] |  +- (org.apache.commons:commons-lang3:jar:3.6:compile - omitted for duplicate)
[INFO] |  +- (org.slf4j:slf4j-api:jar:1.7.25:compile - omitted for duplicate)
[INFO] |  +- org.apache.commons:commons-math3:jar:3.6.1:compile
[INFO] |  +- org.slf4j:slf4j-log4j12:jar:1.7.25:compile
[INFO] |  |  +- (org.slf4j:slf4j-api:jar:1.7.25:compile - omitted for duplicate)
[INFO] |  |  \- (log4j:log4j:jar:1.2.17:compile - omitted for duplicate)
[INFO] |  +- log4j:log4j:jar:1.2.17:compile
[INFO] |  +- (org.apache.zookeeper:zookeeper:jar:3.4.10:compile - omitted for duplicate)
[INFO] |  +- org.jamon:jamon-runtime:jar:2.4.1:compile
[INFO] |  +- javax.servlet:javax.servlet-api:jar:3.1.0:compile
[INFO] |  +- (org.apache.htrace:htrace-core4:jar:4.2.0-incubating:compile - omitted for duplicate)
[INFO] |  +- com.lmax:disruptor:jar:3.3.6:compile
[INFO] |  +- commons-logging:commons-logging:jar:1.2:compile
[INFO] |  +- (org.apache.commons:commons-crypto:jar:1.0.0:compile - omitted for duplicate)
[INFO] |  +- org.apache.hadoop:hadoop-distcp:jar:2.8.5:compile
[INFO] |  +- (org.apache.hadoop:hadoop-common:jar:2.8.5:compile - omitted for duplicate)
[INFO] |  +- (org.apache.hadoop:hadoop-auth:jar:2.8.5:compile - omitted for duplicate)
[INFO] |  +- org.apache.hadoop:hadoop-annotations:jar:2.8.5:compile
[INFO] |  |  \- jdk.tools:jdk.tools:jar:1.8:system
[INFO] |  +- org.apache.hadoop:hadoop-mapreduce-client-core:jar:2.8.5:compile
[INFO] |  |  +- org.apache.hadoop:hadoop-yarn-common:jar:2.8.5:compile
[INFO] |  |  |  +- (org.apache.hadoop:hadoop-yarn-api:jar:2.8.5:compile - omitted for conflict with 2.7.7)
[INFO] |  |  |  +- javax.xml.bind:jaxb-api:jar:2.2.2:compile
[INFO] |  |  |  |  +- javax.xml.stream:stax-api:jar:1.0-2:compile
[INFO] |  |  |  |  \- (javax.activation:activation:jar:1.1:compile - omitted for conflict with 1.1.1)
[INFO] |  |  |  +- (org.apache.commons:commons-compress:jar:1.4.1:compile - omitted for duplicate)
[INFO] |  |  |  +- (commons-lang:commons-lang:jar:2.6:compile - omitted for duplicate)
[INFO] |  |  |  +- javax.servlet:servlet-api:jar:2.5:compile
[INFO] |  |  |  +- (commons-codec:commons-codec:jar:1.4:compile - omitted for conflict with 1.10)
[INFO] |  |  |  +- (org.mortbay.jetty:jetty-util:jar:6.1.26:compile - omitted for duplicate)
[INFO] |  |  |  +- com.sun.jersey:jersey-core:jar:1.9:compile
[INFO] |  |  |  +- com.sun.jersey:jersey-client:jar:1.9:compile
[INFO] |  |  |  |  \- (com.sun.jersey:jersey-core:jar:1.9:compile - omitted for duplicate)
[INFO] |  |  |  +- (org.codehaus.jackson:jackson-core-asl:jar:1.9.13:compile - omitted for duplicate)
[INFO] |  |  |  +- (org.codehaus.jackson:jackson-mapper-asl:jar:1.9.13:compile - omitted for duplicate)
[INFO] |  |  |  +- org.codehaus.jackson:jackson-jaxrs:jar:1.9.13:compile
[INFO] |  |  |  |  +- (org.codehaus.jackson:jackson-core-asl:jar:1.9.13:compile - omitted for duplicate)
[INFO] |  |  |  |  \- (org.codehaus.jackson:jackson-mapper-asl:jar:1.9.13:compile - omitted for duplicate)
[INFO] |  |  |  +- org.codehaus.jackson:jackson-xc:jar:1.9.13:compile
[INFO] |  |  |  |  +- (org.codehaus.jackson:jackson-core-asl:jar:1.9.13:compile - omitted for duplicate)
[INFO] |  |  |  |  \- (org.codehaus.jackson:jackson-mapper-asl:jar:1.9.13:compile - omitted for duplicate)
[INFO] |  |  |  +- (commons-logging:commons-logging:jar:1.1.3:compile - omitted for conflict with 1.2)
[INFO] |  |  |  +- (commons-cli:commons-cli:jar:1.2:compile - omitted for duplicate)
[INFO] |  |  |  +- (org.slf4j:slf4j-api:jar:1.7.10:compile - omitted for conflict with 1.7.25)
[INFO] |  |  |  +- (org.apache.hadoop:hadoop-annotations:jar:2.8.5:compile - omitted for duplicate)
[INFO] |  |  |  +- (com.google.inject.extensions:guice-servlet:jar:3.0:compile - omitted for duplicate)
[INFO] |  |  |  +- (com.google.protobuf:protobuf-java:jar:2.5.0:compile - omitted for duplicate)
[INFO] |  |  |  +- (commons-io:commons-io:jar:2.4:compile - omitted for conflict with 2.5)
[INFO] |  |  |  +- com.google.inject:guice:jar:3.0:compile
[INFO] |  |  |  |  +- javax.inject:javax.inject:jar:1:compile
[INFO] |  |  |  |  \- aopalliance:aopalliance:jar:1.0:compile
[INFO] |  |  |  +- (com.sun.jersey:jersey-server:jar:1.9:compile - omitted for duplicate)
[INFO] |  |  |  +- com.sun.jersey:jersey-json:jar:1.9:compile
[INFO] |  |  |  |  +- org.codehaus.jettison:jettison:jar:1.1:compile
[INFO] |  |  |  |  +- com.sun.xml.bind:jaxb-impl:jar:2.2.3-1:compile
[INFO] |  |  |  |  |  \- (javax.xml.bind:jaxb-api:jar:2.2.2:compile - omitted for duplicate)
[INFO] |  |  |  |  +- (org.codehaus.jackson:jackson-core-asl:jar:1.8.3:compile - omitted for conflict with 1.9.13)
[INFO] |  |  |  |  +- (org.codehaus.jackson:jackson-mapper-asl:jar:1.8.3:compile - omitted for conflict with 1.9.13)
[INFO] |  |  |  |  +- (org.codehaus.jackson:jackson-jaxrs:jar:1.8.3:compile - omitted for conflict with 1.9.13)
[INFO] |  |  |  |  +- (org.codehaus.jackson:jackson-xc:jar:1.8.3:compile - omitted for conflict with 1.9.13)
[INFO] |  |  |  |  \- (com.sun.jersey:jersey-core:jar:1.9:compile - omitted for duplicate)
[INFO] |  |  |  +- com.sun.jersey.contribs:jersey-guice:jar:1.9:compile
[INFO] |  |  |  |  +- (javax.inject:javax.inject:jar:1:compile - omitted for duplicate)
[INFO] |  |  |  |  +- (com.google.inject:guice:jar:3.0:compile - omitted for duplicate)
[INFO] |  |  |  |  +- (com.google.inject.extensions:guice-servlet:jar:3.0:compile - omitted for duplicate)
[INFO] |  |  |  |  \- (com.sun.jersey:jersey-server:jar:1.9:compile - omitted for duplicate)
[INFO] |  |  |  \- (log4j:log4j:jar:1.2.17:compile - omitted for duplicate)
[INFO] |  |  +- (com.google.protobuf:protobuf-java:jar:2.5.0:compile - omitted for duplicate)
[INFO] |  |  +- (org.apache.avro:avro:jar:1.7.4:compile - omitted for duplicate)
[INFO] |  |  +- (org.slf4j:slf4j-api:jar:1.7.10:compile - omitted for conflict with 1.7.25)
[INFO] |  |  +- (org.slf4j:slf4j-log4j12:jar:1.7.10:compile - omitted for conflict with 1.7.25)
[INFO] |  |  +- (org.apache.hadoop:hadoop-annotations:jar:2.8.5:compile - omitted for duplicate)
[INFO] |  |  +- com.google.inject.extensions:guice-servlet:jar:3.0:compile
[INFO] |  |  |  \- (com.google.inject:guice:jar:3.0:compile - omitted for duplicate)
[INFO] |  |  \- (io.netty:netty:jar:3.6.2.Final:compile - omitted for conflict with 3.5.13.Final)
[INFO] |  +- org.apache.hadoop:hadoop-hdfs:jar:2.8.5:compile
[INFO] |  |  +- org.apache.hadoop:hadoop-hdfs-client:jar:2.8.5:compile
[INFO] |  |  |  \- com.squareup.okhttp:okhttp:jar:2.4.0:compile
[INFO] |  |  |     \- com.squareup.okio:okio:jar:1.4.0:compile
[INFO] |  |  +- (org.mortbay.jetty:jetty:jar:6.1.26:compile - omitted for duplicate)
[INFO] |  |  +- (org.mortbay.jetty:jetty-util:jar:6.1.26:compile - omitted for duplicate)
[INFO] |  |  +- com.sun.jersey:jersey-server:jar:1.9:compile
[INFO] |  |  |  \- asm:asm:jar:3.1:compile
[INFO] |  |  +- (commons-cli:commons-cli:jar:1.2:compile - omitted for duplicate)
[INFO] |  |  +- (commons-codec:commons-codec:jar:1.4:compile - omitted for conflict with 1.10)
[INFO] |  |  +- (commons-io:commons-io:jar:2.4:compile - omitted for conflict with 2.5)
[INFO] |  |  +- (commons-lang:commons-lang:jar:2.6:compile - omitted for duplicate)
[INFO] |  |  +- (commons-logging:commons-logging:jar:1.1.3:compile - omitted for conflict with 1.2)
[INFO] |  |  +- commons-daemon:commons-daemon:jar:1.0.13:compile
[INFO] |  |  +- (log4j:log4j:jar:1.2.17:compile - omitted for duplicate)
[INFO] |  |  +- (com.google.protobuf:protobuf-java:jar:2.5.0:compile - omitted for duplicate)
[INFO] |  |  +- (xmlenc:xmlenc:jar:0.52:compile - omitted for duplicate)
[INFO] |  |  +- (org.apache.htrace:htrace-core4:jar:4.0.1-incubating:compile - omitted for conflict with 4.2.0-incubating)
[INFO] |  |  \- org.fusesource.leveldbjni:leveldbjni-all:jar:1.8:compile
[INFO] |  \- (org.apache.yetus:audience-annotations:jar:0.5.0:compile - omitted for duplicate)
[INFO] +- mysql:mysql-connector-java:jar:5.1.49:compile
[INFO] +- org.apache.spark:spark-streaming-flume_2.11:jar:2.4.5:compile
[INFO] |  +- (org.apache.spark:spark-streaming-flume-sink_2.11:jar:2.4.5:compile - omitted for duplicate)
[INFO] |  +- org.apache.flume:flume-ng-core:jar:1.6.0:compile
[INFO] |  |  +- (org.apache.flume:flume-ng-sdk:jar:1.6.0:compile - omitted for duplicate)
[INFO] |  |  +- org.apache.flume:flume-ng-configuration:jar:1.6.0:compile
[INFO] |  |  |  +- (org.slf4j:slf4j-api:jar:1.6.1:compile - omitted for conflict with 1.7.25)
[INFO] |  |  |  +- (org.slf4j:slf4j-log4j12:jar:1.6.1:compile - omitted for conflict with 1.7.25)
[INFO] |  |  |  \- (org.apache.flume:flume-ng-sdk:jar:1.6.0:compile - omitted for duplicate)
[INFO] |  |  +- (org.slf4j:slf4j-api:jar:1.6.1:compile - omitted for conflict with 1.7.25)
[INFO] |  |  +- (commons-io:commons-io:jar:2.1:compile - omitted for conflict with 2.5)
[INFO] |  |  +- (commons-codec:commons-codec:jar:1.8:compile - omitted for conflict with 1.10)
[INFO] |  |  +- (log4j:log4j:jar:1.2.17:compile - omitted for duplicate)
[INFO] |  |  +- (org.slf4j:slf4j-log4j12:jar:1.6.1:compile - omitted for conflict with 1.7.25)
[INFO] |  |  +- (commons-cli:commons-cli:jar:1.2:compile - omitted for duplicate)
[INFO] |  |  +- (commons-lang:commons-lang:jar:2.5:compile - omitted for conflict with 2.6)
[INFO] |  |  +- (org.apache.avro:avro:jar:1.7.4:compile - omitted for duplicate)
[INFO] |  |  +- (org.apache.avro:avro-ipc:jar:1.7.4:compile - omitted for conflict with 1.8.2)
[INFO] |  |  +- joda-time:joda-time:jar:2.1:compile
[INFO] |  |  +- (org.mortbay.jetty:jetty-util:jar:6.1.26:compile - omitted for duplicate)
[INFO] |  |  +- (org.mortbay.jetty:jetty:jar:6.1.26:compile - omitted for duplicate)
[INFO] |  |  +- (com.google.code.gson:gson:jar:2.2.2:compile - omitted for conflict with 2.2.4)
[INFO] |  |  \- org.apache.mina:mina-core:jar:2.0.4:compile
[INFO] |  |     \- (org.slf4j:slf4j-api:jar:1.6.1:compile - omitted for conflict with 1.7.25)
[INFO] |  +- org.apache.flume:flume-ng-sdk:jar:1.6.0:compile
[INFO] |  |  +- (org.apache.avro:avro:jar:1.7.4:compile - omitted for duplicate)
[INFO] |  |  \- (org.apache.avro:avro-ipc:jar:1.7.4:compile - omitted for duplicate)
[INFO] |  +- org.apache.spark:spark-tags_2.11:jar:2.4.5:compile
[INFO] |  |  +- (org.scala-lang:scala-library:jar:2.11.12:compile - omitted for duplicate)
[INFO] |  |  \- (org.spark-project.spark:unused:jar:1.0.0:compile - omitted for duplicate)
[INFO] |  \- org.spark-project.spark:unused:jar:1.0.0:compile
[INFO] +- org.apache.spark:spark-streaming-flume-sink_2.11:jar:2.4.5:compile
[INFO] |  +- (org.apache.flume:flume-ng-sdk:jar:1.6.0:compile - omitted for duplicate)
[INFO] |  +- (org.apache.flume:flume-ng-core:jar:1.6.0:compile - omitted for duplicate)
[INFO] |  +- (org.scala-lang:scala-library:jar:2.11.12:compile - omitted for duplicate)
[INFO] |  +- (org.apache.spark:spark-tags_2.11:jar:2.4.5:compile - omitted for duplicate)
[INFO] |  \- (org.spark-project.spark:unused:jar:1.0.0:compile - omitted for duplicate)
[INFO] +- org.apache.commons:commons-lang3:jar:3.5:compile
[INFO] +- org.apache.avro:avro:jar:1.8.2:compile
[INFO] |  +- org.codehaus.jackson:jackson-core-asl:jar:1.9.13:compile
[INFO] |  +- org.codehaus.jackson:jackson-mapper-asl:jar:1.9.13:compile
[INFO] |  |  \- (org.codehaus.jackson:jackson-core-asl:jar:1.9.13:compile - omitted for duplicate)
[INFO] |  +- com.thoughtworks.paranamer:paranamer:jar:2.7:compile
[INFO] |  +- org.xerial.snappy:snappy-java:jar:1.1.1.3:compile
[INFO] |  +- org.apache.commons:commons-compress:jar:1.8.1:compile
[INFO] |  +- org.tukaani:xz:jar:1.5:compile
[INFO] |  \- (org.slf4j:slf4j-api:jar:1.7.7:compile - omitted for conflict with 1.7.25)
[INFO] +- org.apache.avro:avro-ipc:jar:1.8.2:compile
[INFO] |  +- (org.apache.avro:avro:jar:1.8.2:compile - omitted for duplicate)
[INFO] |  +- (org.codehaus.jackson:jackson-core-asl:jar:1.9.13:compile - omitted for duplicate)
[INFO] |  +- (org.codehaus.jackson:jackson-mapper-asl:jar:1.9.13:compile - omitted for duplicate)
[INFO] |  +- org.mortbay.jetty:jetty:jar:6.1.26:compile
[INFO] |  |  +- (org.mortbay.jetty:jetty-util:jar:6.1.26:compile - omitted for duplicate)
[INFO] |  |  \- (org.mortbay.jetty:servlet-api:jar:2.5-20081211:compile - omitted for duplicate)
[INFO] |  +- org.mortbay.jetty:jetty-util:jar:6.1.26:compile
[INFO] |  +- io.netty:netty:jar:3.5.13.Final:compile
[INFO] |  +- org.apache.velocity:velocity:jar:1.7:compile
[INFO] |  |  +- (commons-collections:commons-collections:jar:3.2.1:compile - omitted for conflict with 3.2.2)
[INFO] |  |  \- (commons-lang:commons-lang:jar:2.4:compile - omitted for conflict with 2.6)
[INFO] |  +- org.mortbay.jetty:servlet-api:jar:2.5-20081211:compile
[INFO] |  \- (org.slf4j:slf4j-api:jar:1.7.7:compile - omitted for conflict with 1.7.25)
[INFO] +- org.apache.spark:spark-streaming_2.11:jar:2.4.5:compile
[INFO] |  +- org.apache.spark:spark-core_2.11:jar:2.4.5:compile
[INFO] |  |  +- (com.thoughtworks.paranamer:paranamer:jar:2.8:runtime - omitted for conflict with 2.7)
[INFO] |  |  +- (org.apache.avro:avro:jar:1.8.2:compile - omitted for duplicate)
[INFO] |  |  +- org.apache.avro:avro-mapred:jar:hadoop2:1.8.2:compile
[INFO] |  |  |  +- (org.apache.avro:avro-ipc:jar:1.8.2:compile - omitted for duplicate)
[INFO] |  |  |  +- (org.codehaus.jackson:jackson-core-asl:jar:1.9.13:compile - omitted for duplicate)
[INFO] |  |  |  +- (org.codehaus.jackson:jackson-mapper-asl:jar:1.9.13:compile - omitted for duplicate)
[INFO] |  |  |  +- (commons-codec:commons-codec:jar:1.9:compile - omitted for conflict with 1.10)
[INFO] |  |  |  \- (org.slf4j:slf4j-api:jar:1.7.7:compile - omitted for conflict with 1.7.25)
[INFO] |  |  +- com.twitter:chill_2.11:jar:0.9.3:compile
[INFO] |  |  |  +- (org.scala-lang:scala-library:jar:2.11.12:compile - omitted for duplicate)
[INFO] |  |  |  +- (com.twitter:chill-java:jar:0.9.3:compile - omitted for duplicate)
[INFO] |  |  |  \- com.esotericsoftware:kryo-shaded:jar:4.0.2:compile
[INFO] |  |  |     +- com.esotericsoftware:minlog:jar:1.3.0:compile
[INFO] |  |  |     \- org.objenesis:objenesis:jar:2.5.1:compile
[INFO] |  |  +- com.twitter:chill-java:jar:0.9.3:compile
[INFO] |  |  |  \- (com.esotericsoftware:kryo-shaded:jar:4.0.2:compile - omitted for duplicate)
[INFO] |  |  +- (org.apache.xbean:xbean-asm6-shaded:jar:4.8:compile - omitted for duplicate)
[INFO] |  |  +- (org.apache.hadoop:hadoop-client:jar:2.6.5:compile - omitted for conflict with 2.7.7)
[INFO] |  |  +- org.apache.spark:spark-launcher_2.11:jar:2.4.5:compile
[INFO] |  |  |  +- (org.apache.spark:spark-tags_2.11:jar:2.4.5:compile - omitted for duplicate)
[INFO] |  |  |  \- (org.spark-project.spark:unused:jar:1.0.0:compile - omitted for duplicate)
[INFO] |  |  +- org.apache.spark:spark-kvstore_2.11:jar:2.4.5:compile
[INFO] |  |  |  +- (org.apache.spark:spark-tags_2.11:jar:2.4.5:compile - omitted for duplicate)
[INFO] |  |  |  +- (org.fusesource.leveldbjni:leveldbjni-all:jar:1.8:compile - omitted for duplicate)
[INFO] |  |  |  +- (com.fasterxml.jackson.core:jackson-core:jar:2.6.7:compile - omitted for duplicate)
[INFO] |  |  |  +- (com.fasterxml.jackson.core:jackson-databind:jar:2.6.7.3:compile - omitted for duplicate)
[INFO] |  |  |  +- (com.fasterxml.jackson.core:jackson-annotations:jar:2.6.7:compile - omitted for conflict with 2.6.0)
[INFO] |  |  |  \- (org.spark-project.spark:unused:jar:1.0.0:compile - omitted for duplicate)
[INFO] |  |  +- org.apache.spark:spark-network-common_2.11:jar:2.4.5:compile
[INFO] |  |  |  +- (io.netty:netty-all:jar:4.1.42.Final:compile - omitted for duplicate)
[INFO] |  |  |  +- (org.apache.commons:commons-lang3:jar:3.5:compile - omitted for duplicate)
[INFO] |  |  |  +- (org.fusesource.leveldbjni:leveldbjni-all:jar:1.8:compile - omitted for duplicate)
[INFO] |  |  |  +- (com.fasterxml.jackson.core:jackson-databind:jar:2.6.7.3:compile - omitted for duplicate)
[INFO] |  |  |  +- (com.fasterxml.jackson.core:jackson-annotations:jar:2.6.7:compile - omitted for duplicate)
[INFO] |  |  |  +- (io.dropwizard.metrics:metrics-core:jar:3.1.5:compile - omitted for conflict with 3.2.6)
[INFO] |  |  |  +- (com.google.code.findbugs:jsr305:jar:1.3.9:compile - omitted for conflict with 3.0.0)
[INFO] |  |  |  +- (org.apache.commons:commons-crypto:jar:1.0.0:compile - omitted for duplicate)
[INFO] |  |  |  \- (org.spark-project.spark:unused:jar:1.0.0:compile - omitted for duplicate)
[INFO] |  |  +- org.apache.spark:spark-network-shuffle_2.11:jar:2.4.5:compile
[INFO] |  |  |  +- (org.apache.spark:spark-network-common_2.11:jar:2.4.5:compile - omitted for duplicate)
[INFO] |  |  |  +- (io.dropwizard.metrics:metrics-core:jar:3.1.5:compile - omitted for conflict with 3.2.6)
[INFO] |  |  |  \- (org.spark-project.spark:unused:jar:1.0.0:compile - omitted for duplicate)
[INFO] |  |  +- org.apache.spark:spark-unsafe_2.11:jar:2.4.5:compile
[INFO] |  |  |  +- (org.apache.spark:spark-tags_2.11:jar:2.4.5:compile - omitted for duplicate)
[INFO] |  |  |  +- (com.twitter:chill_2.11:jar:0.9.3:compile - omitted for duplicate)
[INFO] |  |  |  +- (com.google.code.findbugs:jsr305:jar:1.3.9:compile - omitted for conflict with 3.0.0)
[INFO] |  |  |  \- (org.spark-project.spark:unused:jar:1.0.0:compile - omitted for duplicate)
[INFO] |  |  +- javax.activation:activation:jar:1.1.1:compile
[INFO] |  |  +- (org.apache.curator:curator-recipes:jar:2.6.0:compile - omitted for conflict with 2.7.1)
[INFO] |  |  +- (org.apache.zookeeper:zookeeper:jar:3.4.6:compile - omitted for conflict with 3.4.10)
[INFO] |  |  +- (javax.servlet:javax.servlet-api:jar:3.1.0:compile - omitted for duplicate)
[INFO] |  |  +- (org.apache.commons:commons-lang3:jar:3.5:compile - omitted for duplicate)
[INFO] |  |  +- (org.apache.commons:commons-math3:jar:3.4.1:compile - omitted for conflict with 3.6.1)
[INFO] |  |  +- (com.google.code.findbugs:jsr305:jar:1.3.9:compile - omitted for conflict with 3.0.0)
[INFO] |  |  +- (org.slf4j:slf4j-api:jar:1.7.16:compile - omitted for conflict with 1.7.25)
[INFO] |  |  +- org.slf4j:jul-to-slf4j:jar:1.7.16:compile
[INFO] |  |  |  \- (org.slf4j:slf4j-api:jar:1.7.16:compile - omitted for conflict with 1.7.25)
[INFO] |  |  +- org.slf4j:jcl-over-slf4j:jar:1.7.16:compile
[INFO] |  |  |  \- (org.slf4j:slf4j-api:jar:1.7.16:compile - omitted for conflict with 1.7.25)
[INFO] |  |  +- (log4j:log4j:jar:1.2.17:compile - omitted for duplicate)
[INFO] |  |  +- (org.slf4j:slf4j-log4j12:jar:1.7.16:compile - omitted for conflict with 1.7.25)
[INFO] |  |  +- com.ning:compress-lzf:jar:1.0.3:compile
[INFO] |  |  +- (org.xerial.snappy:snappy-java:jar:1.1.7.3:compile - omitted for conflict with 1.1.1.3)
[INFO] |  |  +- org.lz4:lz4-java:jar:1.4.0:compile
[INFO] |  |  +- com.github.luben:zstd-jni:jar:1.3.2-2:compile
[INFO] |  |  +- org.roaringbitmap:RoaringBitmap:jar:0.7.45:compile
[INFO] |  |  |  \- org.roaringbitmap:shims:jar:0.7.45:compile
[INFO] |  |  +- (commons-net:commons-net:jar:3.1:compile - omitted for duplicate)
[INFO] |  |  +- (org.scala-lang:scala-library:jar:2.11.12:compile - omitted for duplicate)
[INFO] |  |  +- org.json4s:json4s-jackson_2.11:jar:3.5.3:compile
[INFO] |  |  |  +- (org.scala-lang:scala-library:jar:2.11.11:compile - omitted for conflict with 2.11.12)
[INFO] |  |  |  \- org.json4s:json4s-core_2.11:jar:3.5.3:compile
[INFO] |  |  |     +- (org.scala-lang:scala-library:jar:2.11.11:compile - omitted for conflict with 2.11.12)
[INFO] |  |  |     +- org.json4s:json4s-ast_2.11:jar:3.5.3:compile
[INFO] |  |  |     |  \- (org.scala-lang:scala-library:jar:2.11.11:compile - omitted for conflict with 2.11.12)
[INFO] |  |  |     +- org.json4s:json4s-scalap_2.11:jar:3.5.3:compile
[INFO] |  |  |     |  \- (org.scala-lang:scala-library:jar:2.11.11:compile - omitted for conflict with 2.11.12)
[INFO] |  |  |     +- (com.thoughtworks.paranamer:paranamer:jar:2.8:compile - omitted for conflict with 2.7)
[INFO] |  |  |     \- (org.scala-lang.modules:scala-xml_2.11:jar:1.0.6:compile - omitted for conflict with 1.0.2)
[INFO] |  |  +- org.glassfish.jersey.core:jersey-client:jar:2.22.2:compile
[INFO] |  |  |  +- (javax.ws.rs:javax.ws.rs-api:jar:2.0.1:compile - omitted for duplicate)
[INFO] |  |  |  +- (org.glassfish.jersey.core:jersey-common:jar:2.22.2:compile - omitted for conflict with 2.25.1)
[INFO] |  |  |  +- (org.glassfish.hk2:hk2-api:jar:2.4.0-b34:compile - omitted for conflict with 2.5.0-b32)
[INFO] |  |  |  +- (org.glassfish.hk2.external:javax.inject:jar:2.4.0-b34:compile - omitted for conflict with 2.5.0-b32)
[INFO] |  |  |  \- (org.glassfish.hk2:hk2-locator:jar:2.4.0-b34:compile - omitted for conflict with 2.5.0-b32)
[INFO] |  |  +- org.glassfish.jersey.core:jersey-common:jar:2.22.2:compile
[INFO] |  |  |  +- (javax.ws.rs:javax.ws.rs-api:jar:2.0.1:compile - omitted for duplicate)
[INFO] |  |  |  +- (javax.annotation:javax.annotation-api:jar:1.2:compile - omitted for duplicate)
[INFO] |  |  |  +- org.glassfish.jersey.bundles.repackaged:jersey-guava:jar:2.22.2:compile
[INFO] |  |  |  +- (org.glassfish.hk2:hk2-api:jar:2.4.0-b34:compile - omitted for conflict with 2.5.0-b32)
[INFO] |  |  |  +- (org.glassfish.hk2.external:javax.inject:jar:2.4.0-b34:compile - omitted for conflict with 2.5.0-b32)
[INFO] |  |  |  +- (org.glassfish.hk2:hk2-locator:jar:2.4.0-b34:compile - omitted for conflict with 2.5.0-b32)
[INFO] |  |  |  \- org.glassfish.hk2:osgi-resource-locator:jar:1.0.1:compile
[INFO] |  |  +- (org.glassfish.jersey.core:jersey-server:jar:2.22.2:compile - omitted for conflict with 2.25.1)
[INFO] |  |  +- org.glassfish.jersey.containers:jersey-container-servlet:jar:2.22.2:compile
[INFO] |  |  |  +- (org.glassfish.jersey.containers:jersey-container-servlet-core:jar:2.22.2:compile - omitted for conflict with 2.25.1)
[INFO] |  |  |  +- (org.glassfish.jersey.core:jersey-common:jar:2.22.2:compile - omitted for duplicate)
[INFO] |  |  |  +- (org.glassfish.jersey.core:jersey-server:jar:2.22.2:compile - omitted for conflict with 2.25.1)
[INFO] |  |  |  \- (javax.ws.rs:javax.ws.rs-api:jar:2.0.1:compile - omitted for duplicate)
[INFO] |  |  +- (org.glassfish.jersey.containers:jersey-container-servlet-core:jar:2.22.2:compile - omitted for conflict with 2.25.1)
[INFO] |  |  +- io.netty:netty-all:jar:4.1.42.Final:compile
[INFO] |  |  +- (io.netty:netty:jar:3.9.9.Final:compile - omitted for conflict with 3.5.13.Final)
[INFO] |  |  +- com.clearspring.analytics:stream:jar:2.7.0:compile
[INFO] |  |  +- (io.dropwizard.metrics:metrics-core:jar:3.1.5:compile - omitted for conflict with 3.2.6)
[INFO] |  |  +- io.dropwizard.metrics:metrics-jvm:jar:3.1.5:compile
[INFO] |  |  |  +- (io.dropwizard.metrics:metrics-core:jar:3.1.5:compile - omitted for conflict with 3.2.6)
[INFO] |  |  |  \- (org.slf4j:slf4j-api:jar:1.7.7:compile - omitted for conflict with 1.7.25)
[INFO] |  |  +- io.dropwizard.metrics:metrics-json:jar:3.1.5:compile
[INFO] |  |  |  +- (io.dropwizard.metrics:metrics-core:jar:3.1.5:compile - omitted for conflict with 3.2.6)
[INFO] |  |  |  +- (com.fasterxml.jackson.core:jackson-databind:jar:2.4.2:compile - omitted for conflict with 2.6.7.3)
[INFO] |  |  |  \- (org.slf4j:slf4j-api:jar:1.7.7:compile - omitted for conflict with 1.7.25)
[INFO] |  |  +- io.dropwizard.metrics:metrics-graphite:jar:3.1.5:compile
[INFO] |  |  |  +- (io.dropwizard.metrics:metrics-core:jar:3.1.5:compile - omitted for conflict with 3.2.6)
[INFO] |  |  |  \- (org.slf4j:slf4j-api:jar:1.7.7:compile - omitted for conflict with 1.7.25)
[INFO] |  |  +- (com.fasterxml.jackson.core:jackson-databind:jar:2.6.7.3:compile - omitted for duplicate)
[INFO] |  |  +- com.fasterxml.jackson.module:jackson-module-scala_2.11:jar:2.6.7.1:compile
[INFO] |  |  |  +- (org.scala-lang:scala-library:jar:2.11.8:compile - omitted for conflict with 2.11.12)
[INFO] |  |  |  +- (org.scala-lang:scala-reflect:jar:2.11.8:compile - omitted for conflict with 2.11.12)
[INFO] |  |  |  +- (com.fasterxml.jackson.core:jackson-core:jar:2.6.7:compile - omitted for duplicate)
[INFO] |  |  |  +- (com.fasterxml.jackson.core:jackson-annotations:jar:2.6.7:compile - omitted for duplicate)
[INFO] |  |  |  +- (com.fasterxml.jackson.core:jackson-databind:jar:2.6.7:compile - omitted for conflict with 2.6.7.3)
[INFO] |  |  |  \- com.fasterxml.jackson.module:jackson-module-paranamer:jar:2.7.9:compile
[INFO] |  |  |     \- (com.thoughtworks.paranamer:paranamer:jar:2.8:compile - omitted for conflict with 2.7)
[INFO] |  |  +- org.apache.ivy:ivy:jar:2.4.0:compile
[INFO] |  |  +- oro:oro:jar:2.0.8:compile
[INFO] |  |  +- net.razorvine:pyrolite:jar:4.13:compile
[INFO] |  |  +- net.sf.py4j:py4j:jar:0.10.7:compile
[INFO] |  |  +- (org.apache.spark:spark-tags_2.11:jar:2.4.5:compile - omitted for duplicate)
[INFO] |  |  +- (org.apache.commons:commons-crypto:jar:1.0.0:compile - omitted for duplicate)
[INFO] |  |  \- (org.spark-project.spark:unused:jar:1.0.0:compile - omitted for duplicate)
[INFO] |  +- (org.apache.spark:spark-tags_2.11:jar:2.4.5:compile - omitted for duplicate)
[INFO] |  +- (org.scala-lang:scala-library:jar:2.11.12:compile - omitted for duplicate)
[INFO] |  \- (org.spark-project.spark:unused:jar:1.0.0:compile - omitted for duplicate)
[INFO] +- org.apache.spark:spark-streaming-kafka-0-8_2.11:jar:2.4.5:compile
[INFO] |  +- org.apache.kafka:kafka_2.11:jar:0.8.2.1:compile
[INFO] |  |  +- org.scala-lang.modules:scala-xml_2.11:jar:1.0.2:compile
[INFO] |  |  |  \- (org.scala-lang:scala-library:jar:2.11.1:compile - omitted for conflict with 2.11.12)
[INFO] |  |  +- com.yammer.metrics:metrics-core:jar:2.2.0:compile
[INFO] |  |  |  \- (org.slf4j:slf4j-api:jar:1.7.2:compile - omitted for conflict with 1.7.25)
[INFO] |  |  +- org.scala-lang.modules:scala-parser-combinators_2.11:jar:1.0.2:compile
[INFO] |  |  |  \- (org.scala-lang:scala-library:jar:2.11.1:compile - omitted for conflict with 2.11.12)
[INFO] |  |  +- com.101tec:zkclient:jar:0.3:compile
[INFO] |  |  |  \- (log4j:log4j:jar:1.2.14:compile - omitted for conflict with 1.2.17)
[INFO] |  |  +- (org.scala-lang:scala-library:jar:2.11.5:compile - omitted for conflict with 2.11.12)
[INFO] |  |  \- org.apache.kafka:kafka-clients:jar:0.8.2.1:compile
[INFO] |  |     +- (org.slf4j:slf4j-api:jar:1.7.6:compile - omitted for conflict with 1.7.25)
[INFO] |  |     +- (net.jpountz.lz4:lz4:jar:1.2.0:compile - omitted for conflict with 1.3.0)
[INFO] |  |     \- (org.xerial.snappy:snappy-java:jar:1.1.1.6:compile - omitted for conflict with 1.1.1.3)
[INFO] |  +- (org.apache.spark:spark-tags_2.11:jar:2.4.5:compile - omitted for duplicate)
[INFO] |  \- (org.spark-project.spark:unused:jar:1.0.0:compile - omitted for duplicate)
[INFO] +- org.apache.spark:spark-sql_2.11:jar:2.4.5:compile
[INFO] |  +- com.univocity:univocity-parsers:jar:2.7.3:compile
[INFO] |  +- org.apache.spark:spark-sketch_2.11:jar:2.4.5:compile
[INFO] |  |  +- (org.apache.spark:spark-tags_2.11:jar:2.4.5:compile - omitted for duplicate)
[INFO] |  |  \- (org.spark-project.spark:unused:jar:1.0.0:compile - omitted for duplicate)
[INFO] |  +- (org.apache.spark:spark-core_2.11:jar:2.4.5:compile - omitted for duplicate)
[INFO] |  +- org.apache.spark:spark-catalyst_2.11:jar:2.4.5:compile
[INFO] |  |  +- org.scala-lang:scala-reflect:jar:2.11.12:compile
[INFO] |  |  |  \- (org.scala-lang:scala-library:jar:2.11.12:compile - omitted for duplicate)
[INFO] |  |  +- (org.scala-lang.modules:scala-parser-combinators_2.11:jar:1.1.0:compile - omitted for conflict with 1.0.2)
[INFO] |  |  +- (org.apache.spark:spark-core_2.11:jar:2.4.5:compile - omitted for duplicate)
[INFO] |  |  +- (org.apache.spark:spark-tags_2.11:jar:2.4.5:compile - omitted for duplicate)
[INFO] |  |  +- (org.apache.spark:spark-unsafe_2.11:jar:2.4.5:compile - omitted for duplicate)
[INFO] |  |  +- (org.apache.spark:spark-sketch_2.11:jar:2.4.5:compile - omitted for duplicate)
[INFO] |  |  +- org.codehaus.janino:janino:jar:3.0.9:compile
[INFO] |  |  |  \- (org.codehaus.janino:commons-compiler:jar:3.0.9:compile - omitted for duplicate)
[INFO] |  |  +- org.codehaus.janino:commons-compiler:jar:3.0.9:compile
[INFO] |  |  +- org.antlr:antlr4-runtime:jar:4.7:compile
[INFO] |  |  +- (commons-codec:commons-codec:jar:1.10:compile - omitted for duplicate)
[INFO] |  |  \- (org.spark-project.spark:unused:jar:1.0.0:compile - omitted for duplicate)
[INFO] |  +- (org.apache.spark:spark-tags_2.11:jar:2.4.5:compile - omitted for duplicate)
[INFO] |  +- org.apache.orc:orc-core:jar:nohive:1.5.5:compile
[INFO] |  |  +- org.apache.orc:orc-shims:jar:1.5.5:compile
[INFO] |  |  |  \- (org.slf4j:slf4j-api:jar:1.7.5:compile - omitted for conflict with 1.7.25)
[INFO] |  |  +- (com.google.protobuf:protobuf-java:jar:2.5.0:compile - omitted for duplicate)
[INFO] |  |  +- (commons-lang:commons-lang:jar:2.6:compile - omitted for duplicate)
[INFO] |  |  +- io.airlift:aircompressor:jar:0.10:compile
[INFO] |  |  \- (org.slf4j:slf4j-api:jar:1.7.5:compile - omitted for conflict with 1.7.25)
[INFO] |  +- org.apache.orc:orc-mapreduce:jar:nohive:1.5.5:compile
[INFO] |  |  +- (commons-codec:commons-codec:jar:1.4:compile - omitted for conflict with 1.10)
[INFO] |  |  \- (commons-lang:commons-lang:jar:2.6:compile - omitted for duplicate)
[INFO] |  +- org.apache.parquet:parquet-column:jar:1.10.1:compile
[INFO] |  |  +- org.apache.parquet:parquet-common:jar:1.10.1:compile
[INFO] |  |  |  +- (org.apache.parquet:parquet-format:jar:2.4.0:compile - omitted for duplicate)
[INFO] |  |  |  \- (org.slf4j:slf4j-api:jar:1.7.22:compile - omitted for conflict with 1.7.25)
[INFO] |  |  +- org.apache.parquet:parquet-encoding:jar:1.10.1:compile
[INFO] |  |  |  +- (org.apache.parquet:parquet-common:jar:1.10.1:compile - omitted for duplicate)
[INFO] |  |  |  \- (commons-codec:commons-codec:jar:1.10:compile - omitted for duplicate)
[INFO] |  |  \- (commons-codec:commons-codec:jar:1.10:compile - omitted for duplicate)
[INFO] |  +- org.apache.parquet:parquet-hadoop:jar:1.10.1:compile
[INFO] |  |  +- (org.apache.parquet:parquet-column:jar:1.10.1:compile - omitted for duplicate)
[INFO] |  |  +- org.apache.parquet:parquet-format:jar:2.4.0:compile
[INFO] |  |  |  \- (org.slf4j:slf4j-api:jar:1.7.2:compile - omitted for conflict with 1.7.25)
[INFO] |  |  +- org.apache.parquet:parquet-jackson:jar:1.10.1:compile
[INFO] |  |  +- (org.codehaus.jackson:jackson-mapper-asl:jar:1.9.13:compile - omitted for duplicate)
[INFO] |  |  +- (org.codehaus.jackson:jackson-core-asl:jar:1.9.13:compile - omitted for duplicate)
[INFO] |  |  \- (org.xerial.snappy:snappy-java:jar:1.1.2.6:compile - omitted for conflict with 1.1.1.3)
[INFO] |  +- com.fasterxml.jackson.core:jackson-databind:jar:2.6.7.3:compile
[INFO] |  |  +- com.fasterxml.jackson.core:jackson-annotations:jar:2.6.0:compile
[INFO] |  |  \- com.fasterxml.jackson.core:jackson-core:jar:2.6.7:compile
[INFO] |  +- org.apache.arrow:arrow-vector:jar:0.10.0:compile
[INFO] |  |  +- org.apache.arrow:arrow-format:jar:0.10.0:compile
[INFO] |  |  |  \- (com.vlkan:flatbuffers:jar:1.2.0-3f79e055:compile - omitted for duplicate)
[INFO] |  |  +- org.apache.arrow:arrow-memory:jar:0.10.0:compile
[INFO] |  |  |  +- (com.google.code.findbugs:jsr305:jar:3.0.2:compile - omitted for conflict with 3.0.0)
[INFO] |  |  |  \- (org.slf4j:slf4j-api:jar:1.7.25:compile - omitted for duplicate)
[INFO] |  |  +- (joda-time:joda-time:jar:2.9.9:compile - omitted for conflict with 2.1)
[INFO] |  |  +- (com.fasterxml.jackson.core:jackson-core:jar:2.7.9:compile - omitted for conflict with 2.6.7)
[INFO] |  |  +- com.carrotsearch:hppc:jar:0.7.2:compile
[INFO] |  |  +- (commons-codec:commons-codec:jar:1.10:compile - omitted for duplicate)
[INFO] |  |  +- com.vlkan:flatbuffers:jar:1.2.0-3f79e055:compile
[INFO] |  |  +- (com.google.code.findbugs:jsr305:jar:3.0.2:compile - omitted for conflict with 3.0.0)
[INFO] |  |  \- (org.slf4j:slf4j-api:jar:1.7.25:compile - omitted for duplicate)
[INFO] |  +- org.apache.xbean:xbean-asm6-shaded:jar:4.8:compile
[INFO] |  \- (org.spark-project.spark:unused:jar:1.0.0:compile - omitted for duplicate)
[INFO] +- net.jpountz.lz4:lz4:jar:1.3.0:compile
[INFO] +- org.apache.flume.flume-ng-clients:flume-ng-log4jappender:jar:1.6.0:compile
[INFO] |  +- (log4j:log4j:jar:1.2.17:compile - omitted for duplicate)
[INFO] |  \- (org.apache.flume:flume-ng-sdk:jar:1.6.0:compile - omitted for duplicate)
[INFO] \- org.apache.hadoop:hadoop-client:jar:2.7.7:compile
[INFO]    +- (org.apache.hadoop:hadoop-common:jar:2.7.7:compile - omitted for conflict with 2.8.5)
[INFO]    +- (org.apache.hadoop:hadoop-hdfs:jar:2.7.7:compile - omitted for conflict with 2.8.5)
[INFO]    +- org.apache.hadoop:hadoop-mapreduce-client-app:jar:2.7.7:compile
[INFO]    |  +- org.apache.hadoop:hadoop-mapreduce-client-common:jar:2.7.7:compile
[INFO]    |  |  +- (org.apache.hadoop:hadoop-yarn-common:jar:2.7.7:compile - omitted for conflict with 2.8.5)
[INFO]    |  |  +- org.apache.hadoop:hadoop-yarn-client:jar:2.7.7:compile
[INFO]    |  |  |  +- (com.google.guava:guava:jar:11.0.2:compile - omitted for duplicate)
[INFO]    |  |  |  +- (commons-logging:commons-logging:jar:1.1.3:compile - omitted for conflict with 1.2)
[INFO]    |  |  |  +- (commons-lang:commons-lang:jar:2.6:compile - omitted for duplicate)
[INFO]    |  |  |  +- (commons-cli:commons-cli:jar:1.2:compile - omitted for duplicate)
[INFO]    |  |  |  +- (log4j:log4j:jar:1.2.17:compile - omitted for duplicate)
[INFO]    |  |  |  +- (org.apache.hadoop:hadoop-yarn-api:jar:2.7.7:compile - omitted for conflict with 2.8.5)
[INFO]    |  |  |  \- (org.apache.hadoop:hadoop-yarn-common:jar:2.7.7:compile - omitted for conflict with 2.8.5)
[INFO]    |  |  +- (org.apache.hadoop:hadoop-mapreduce-client-core:jar:2.7.7:compile - omitted for conflict with 2.8.5)
[INFO]    |  |  +- org.apache.hadoop:hadoop-yarn-server-common:jar:2.7.7:compile
[INFO]    |  |  |  +- (org.apache.hadoop:hadoop-yarn-api:jar:2.7.7:compile - omitted for conflict with 2.8.5)
[INFO]    |  |  |  +- (org.apache.hadoop:hadoop-yarn-common:jar:2.7.7:compile - omitted for conflict with 2.8.5)
[INFO]    |  |  |  +- (com.google.guava:guava:jar:11.0.2:compile - omitted for duplicate)
[INFO]    |  |  |  +- (commons-logging:commons-logging:jar:1.1.3:compile - omitted for conflict with 1.2)
[INFO]    |  |  |  +- (com.google.protobuf:protobuf-java:jar:2.5.0:compile - omitted for duplicate)
[INFO]    |  |  |  +- (org.apache.zookeeper:zookeeper:jar:3.4.6:compile - omitted for conflict with 3.4.10)
[INFO]    |  |  |  \- (org.fusesource.leveldbjni:leveldbjni-all:jar:1.8:compile - omitted for duplicate)
[INFO]    |  |  +- (com.google.protobuf:protobuf-java:jar:2.5.0:compile - omitted for duplicate)
[INFO]    |  |  +- (org.slf4j:slf4j-api:jar:1.7.10:compile - omitted for conflict with 1.7.25)
[INFO]    |  |  \- (org.slf4j:slf4j-log4j12:jar:1.7.10:compile - omitted for conflict with 1.7.25)
[INFO]    |  +- org.apache.hadoop:hadoop-mapreduce-client-shuffle:jar:2.7.7:compile
[INFO]    |  |  +- (org.apache.hadoop:hadoop-yarn-server-common:jar:2.7.7:compile - omitted for duplicate)
[INFO]    |  |  +- (org.apache.hadoop:hadoop-mapreduce-client-common:jar:2.7.7:compile - omitted for duplicate)
[INFO]    |  |  +- (org.fusesource.leveldbjni:leveldbjni-all:jar:1.8:compile - omitted for duplicate)
[INFO]    |  |  +- (com.google.protobuf:protobuf-java:jar:2.5.0:compile - omitted for duplicate)
[INFO]    |  |  +- (org.slf4j:slf4j-api:jar:1.7.10:compile - omitted for conflict with 1.7.25)
[INFO]    |  |  \- (org.slf4j:slf4j-log4j12:jar:1.7.10:compile - omitted for conflict with 1.7.25)
[INFO]    |  +- (com.google.protobuf:protobuf-java:jar:2.5.0:compile - omitted for duplicate)
[INFO]    |  +- (org.slf4j:slf4j-api:jar:1.7.10:compile - omitted for conflict with 1.7.25)
[INFO]    |  \- (org.slf4j:slf4j-log4j12:jar:1.7.10:compile - omitted for conflict with 1.7.25)
[INFO]    +- org.apache.hadoop:hadoop-yarn-api:jar:2.7.7:compile
[INFO]    |  +- (commons-lang:commons-lang:jar:2.6:compile - omitted for duplicate)
[INFO]    |  +- (com.google.guava:guava:jar:11.0.2:compile - omitted for duplicate)
[INFO]    |  +- (commons-logging:commons-logging:jar:1.1.3:compile - omitted for conflict with 1.2)
[INFO]    |  \- (com.google.protobuf:protobuf-java:jar:2.5.0:compile - omitted for duplicate)
[INFO]    +- (org.apache.hadoop:hadoop-mapreduce-client-core:jar:2.7.7:compile - omitted for conflict with 2.8.5)
[INFO]    +- org.apache.hadoop:hadoop-mapreduce-client-jobclient:jar:2.7.7:compile
[INFO]    |  +- (org.apache.hadoop:hadoop-mapreduce-client-common:jar:2.7.7:compile - omitted for duplicate)
[INFO]    |  +- (org.apache.hadoop:hadoop-mapreduce-client-shuffle:jar:2.7.7:compile - omitted for duplicate)
[INFO]    |  +- (com.google.protobuf:protobuf-java:jar:2.5.0:compile - omitted for duplicate)
[INFO]    |  +- (org.slf4j:slf4j-api:jar:1.7.10:compile - omitted for conflict with 1.7.25)
[INFO]    |  \- (org.slf4j:slf4j-log4j12:jar:1.7.10:compile - omitted for conflict with 1.7.25)
[INFO]    \- (org.apache.hadoop:hadoop-annotations:jar:2.7.7:compile - omitted for conflict with 2.8.5)
[INFO] ------------------------------------------------------------------------
[INFO] BUILD SUCCESS
[INFO] ------------------------------------------------------------------------
[INFO] Total time:  4.359 s
[INFO] Finished at: 2020-05-31T17:31:06-07:00
[INFO] ------------------------------------------------------------------------
